Apr 16, 2018 12:27:04 AM file_sharing.User_window Send_fileActionPerformed
INFO:  Rabb Da Banda Ahen (1).mp3  16/04/2018 00:27:04 pm  send  gha
Apr 16, 2018 12:28:37 AM file_sharing.User_window$3 run
INFO:  Azhar_ OYE OYE.mp4  16/04/2018 00:28:37 am  recieve  Dax
Apr 16, 2018 12:28:37 AM file_sharing.User_window$3 run
INFO:  Azhar_ OYE OYE.mp4  16/04/2018 00:28:37 am  recieve  Dax
Apr 16, 2018 12:34:11 AM file_sharing.User_window Send_fileActionPerformed
INFO:  - Saavn.com - Listen to Indian Music for free_3.MP3  16/04/2018 00:34:11 pm  send  gha
Apr 16, 2018 12:34:11 AM file_sharing.User_window Send_fileActionPerformed
INFO:  - Saavn.com - Listen to Indian Music for free_3.MP3  16/04/2018 00:34:11 pm  send  gha
Apr 16, 2018 12:34:11 AM file_sharing.User_window Send_fileActionPerformed
INFO:  - Saavn.com - Listen to Indian Music for free_3.MP3  16/04/2018 00:34:11 pm  send  gha
Apr 16, 2018 12:34:16 AM file_sharing.User_window Send_fileActionPerformed
INFO:  - Saavn.com - Listen to Indian Music for free_3.MP3  16/04/2018 00:34:16 pm  send  gha
Apr 16, 2018 12:34:16 AM file_sharing.User_window Send_fileActionPerformed
INFO:  - Saavn.com - Listen to Indian Music for free_3.MP3  16/04/2018 00:34:16 pm  send  gha
Apr 16, 2018 12:34:16 AM file_sharing.User_window Send_fileActionPerformed
INFO:  - Saavn.com - Listen to Indian Music for free_3.MP3  16/04/2018 00:34:16 pm  send  gha
Apr 16, 2018 12:34:16 AM file_sharing.User_window Send_fileActionPerformed
INFO:  - Saavn.com - Listen to Indian Music for free_3.MP3  16/04/2018 00:34:16 pm  send  gha
Apr 16, 2018 12:34:17 AM file_sharing.User_window Send_fileActionPerformed
INFO:  - Saavn.com - Listen to Indian Music for free_3.MP3  16/04/2018 00:34:17 pm  send  gha
Apr 16, 2018 12:34:17 AM file_sharing.User_window Send_fileActionPerformed
INFO:  - Saavn.com - Listen to Indian Music for free_3.MP3  16/04/2018 00:34:17 pm  send  gha
Apr 16, 2018 12:34:17 AM file_sharing.User_window Send_fileActionPerformed
INFO:  - Saavn.com - Listen to Indian Music for free_3.MP3  16/04/2018 00:34:17 pm  send  gha
Apr 16, 2018 12:34:17 AM file_sharing.User_window Send_fileActionPerformed
INFO:  - Saavn.com - Listen to Indian Music for free_3.MP3  16/04/2018 00:34:17 pm  send  gha
Apr 16, 2018 12:34:17 AM file_sharing.User_window Send_fileActionPerformed
INFO:  - Saavn.com - Listen to Indian Music for free_3.MP3  16/04/2018 00:34:17 pm  send  gha
Apr 16, 2018 12:45:27 AM file_sharing.User_window$3 run
INFO:  09 - Raabta [Songspk.name] (1).mp3  16/04/2018 00:45:27 am  recieve  Dax
Apr 16, 2018 12:45:41 AM file_sharing.User_window$3 run
INFO:  09 - Raabta [Songspk.name] (1).mp3  16/04/2018 00:45:41 am  recieve  Dax
Apr 16, 2018 12:45:41 AM file_sharing.User_window$3 run
INFO:  09 - Raabta [Songspk.name] (1).mp3  16/04/2018 00:45:41 am  recieve  Dax
Apr 16, 2018 12:45:50 AM file_sharing.User_window$3 run
INFO:  09 - Raabta [Songspk.name] (1).mp3  16/04/2018 00:45:50 am  recieve  Dax
Apr 16, 2018 12:45:50 AM file_sharing.User_window$3 run
INFO:  09 - Raabta [Songspk.name] (1).mp3  16/04/2018 00:45:50 am  recieve  Dax
Apr 16, 2018 12:45:50 AM file_sharing.User_window$3 run
INFO:  09 - Raabta [Songspk.name] (1).mp3  16/04/2018 00:45:50 am  recieve  Dax
Apr 16, 2018 12:50:03 AM file_sharing.User_window Send_fileActionPerformed
INFO:  README.md  16/04/2018 00:50:03 pm  send  Avkatran
Apr 16, 2018 12:50:40 AM file_sharing.User_window$3 run
INFO:  2015020317 (2).pdf  16/04/2018 00:50:40 am  recieve  Dax
Apr 16, 2018 12:50:40 AM file_sharing.User_window$3 run
INFO:  2015020317 (2).pdf  16/04/2018 00:50:40 am  recieve  Dax
Apr 16, 2018 12:52:05 AM file_sharing.User_window Send_fileActionPerformed
INFO:  package-lock.json  16/04/2018 00:52:05 pm  send  Avkatran
Apr 16, 2018 12:52:05 AM file_sharing.User_window Send_fileActionPerformed
INFO:  package-lock.json  16/04/2018 00:52:05 pm  send  Avkatran
Apr 16, 2018 12:52:05 AM file_sharing.User_window Send_fileActionPerformed
INFO:  package-lock.json  16/04/2018 00:52:05 pm  send  Avkatran
Apr 16, 2018 12:52:14 AM file_sharing.User_window Send_fileActionPerformed
INFO:  package-lock.json  16/04/2018 00:52:14 pm  send  Avkatran
Apr 16, 2018 12:52:14 AM file_sharing.User_window Send_fileActionPerformed
INFO:  package-lock.json  16/04/2018 00:52:14 pm  send  Avkatran
Apr 16, 2018 12:52:14 AM file_sharing.User_window Send_fileActionPerformed
INFO:  package-lock.json  16/04/2018 00:52:14 pm  send  Avkatran
Apr 16, 2018 12:52:14 AM file_sharing.User_window Send_fileActionPerformed
INFO:  package-lock.json  16/04/2018 00:52:14 pm  send  Avkatran
Apr 16, 2018 12:53:02 AM file_sharing.User_window$3 run
INFO:  analytic geometry.pdf  16/04/2018 00:53:02 am  recieve  Dax
Apr 16, 2018 12:53:02 AM file_sharing.User_window$3 run
INFO:  analytic geometry.pdf  16/04/2018 00:53:02 am  recieve  Dax
Apr 16, 2018 12:53:02 AM file_sharing.User_window$3 run
INFO:  analytic geometry.pdf  16/04/2018 00:53:02 am  recieve  Dax
Apr 16, 2018 12:53:02 AM file_sharing.User_window$3 run
INFO:  analytic geometry.pdf  16/04/2018 00:53:02 am  recieve  Dax
Apr 16, 2018 12:53:02 AM file_sharing.User_window$3 run
INFO:  analytic geometry.pdf  16/04/2018 00:53:02 am  recieve  Dax
Apr 16, 2018 12:56:06 AM file_sharing.User_window$3$1 run
INFO:  DBMS_Project_Description.pdf  16/04/2018 00:56:06 am  recieve  A
Apr 16, 2018 12:56:48 AM file_sharing.User_window Send_fileActionPerformed
INFO:  b.py  16/04/2018 00:56:48 pm  send  Av
Apr 16, 2018 12:56:48 AM file_sharing.User_window Send_fileActionPerformed
INFO:  b.py  16/04/2018 00:56:48 pm  send  Av
Apr 16, 2018 12:57:36 AM file_sharing.User_window$3$1 run
INFO:  SchemaDiagram.pdf  16/04/2018 00:57:36 am  recieve  A
Apr 16, 2018 12:57:36 AM file_sharing.User_window$3$1 run
INFO:  SchemaDiagram.pdf  16/04/2018 00:57:36 am  recieve  A
Apr 16, 2018 12:57:36 AM file_sharing.User_window$3$1 run
INFO:  SchemaDiagram.pdf  16/04/2018 00:57:36 am  recieve  A
Apr 16, 2018 1:03:38 AM file_sharing.User_window$3 run
INFO:  4thsemPaymenteReceipt.pdf  16/04/2018 01:03:38 am  recieve  Jbjbj
Apr 16, 2018 1:05:40 AM file_sharing.User_window Send_fileActionPerformed
INFO:  abstractdata.c  16/04/2018 01:05:40 pm  send  AV
Apr 16, 2018 1:05:40 AM file_sharing.User_window Send_fileActionPerformed
INFO:  abstractdata.c  16/04/2018 01:05:40 pm  send  AV
